<?xml version="1.0" encoding="UTF-8"?>
<!-- Generated by org.testng.reporters.JUnitXMLReporter -->
<testsuite ignored="0" hostname="pc" failures="0" tests="4" name="Default test" time="10.518" errors="0" timestamp="2025-08-16T14:48:52 IST">
  <testcase classname="api.test.UserTests1" name="testPostUser" time="3.496"/>
  <testcase classname="api.test.UserTests1" name="testGetUserByName" time="1.552"/>
  <testcase classname="api.test.UserTests1" name="testUpdateUserByName" time="3.069"/>
  <testcase classname="api.test.UserTests1" name="testDeleteUserByName" time="1.529"/>
</testsuite> <!-- Default test -->
