<?xml version="1.0" encoding="UTF-8"?>
<testng-results ignored="0" total="4" passed="4" failed="0" skipped="0">
  <reporter-output>
  </reporter-output>
  <suite started-at="2025-08-16T14:58:25 IST" name="PetSuite" finished-at="2025-08-16T14:58:35 IST" duration-ms="10516">
    <groups>
    </groups>
    <test started-at="2025-08-16T14:58:25 IST" name="PetTest" finished-at="2025-08-16T14:58:35 IST" duration-ms="10516">
      <class name="api.test.UserTests1">
        <test-method is-config="true" signature="setup()[pri:0, instance:api.test.UserTests1@515c6049]" started-at="2025-08-16T14:58:25 IST" name="setup" finished-at="2025-08-16T14:58:26 IST" duration-ms="696" status="PASS">
          <reporter-output>
          </reporter-output>
        </test-method> <!-- setup -->
        <test-method signature="testPostUser()[pri:1, instance:api.test.UserTests1@515c6049]" started-at="2025-08-16T14:58:26 IST" name="testPostUser" finished-at="2025-08-16T14:58:29 IST" duration-ms="3759" status="PASS">
          <reporter-output>
          </reporter-output>
        </test-method> <!-- testPostUser -->
        <test-method signature="testGetUserByName()[pri:2, instance:api.test.UserTests1@515c6049]" started-at="2025-08-16T14:58:29 IST" name="testGetUserByName" finished-at="2025-08-16T14:58:31 IST" depends-on-methods="api.test.UserTests1.testPostUser" duration-ms="1504" status="PASS">
          <reporter-output>
          </reporter-output>
        </test-method> <!-- testGetUserByName -->
        <test-method signature="testUpdateUserByName()[pri:3, instance:api.test.UserTests1@515c6049]" started-at="2025-08-16T14:58:31 IST" name="testUpdateUserByName" finished-at="2025-08-16T14:58:34 IST" depends-on-methods="api.test.UserTests1.testGetUserByName" duration-ms="2891" status="PASS">
          <reporter-output>
          </reporter-output>
        </test-method> <!-- testUpdateUserByName -->
        <test-method signature="testDeleteUserByName()[pri:4, instance:api.test.UserTests1@515c6049]" started-at="2025-08-16T14:58:34 IST" name="testDeleteUserByName" finished-at="2025-08-16T14:58:35 IST" depends-on-methods="api.test.UserTests1.testUpdateUserByName" duration-ms="1404" status="PASS">
          <reporter-output>
          </reporter-output>
        </test-method> <!-- testDeleteUserByName -->
      </class> <!-- api.test.UserTests1 -->
    </test> <!-- PetTest -->
  </suite> <!-- PetSuite -->
</testng-results>
