<?xml version="1.0" encoding="UTF-8"?>
<!-- Generated by org.testng.reporters.JUnitXMLReporter -->
<testsuite ignored="0" hostname="pc" failures="0" tests="4" name="PetTest" time="11.857" errors="0" timestamp="2025-08-16T13:54:18 IST">
  <testcase classname="api.test.UserTests1" name="testPostUser" time="4.101"/>
  <testcase classname="api.test.UserTests1" name="testGetUserByName" time="1.646"/>
  <testcase classname="api.test.UserTests1" name="testUpdateUserByName" time="3.165"/>
  <testcase classname="api.test.UserTests1" name="testDeleteUserByName" time="1.733"/>
</testsuite> <!-- PetTest -->
